<?xml version="1.0" encoding="UTF-8"?>
<testsuite xmlns:xsi="http://www.w3.org/2001/XMLSchema-instance" xsi:noNamespaceSchemaLocation="https://maven.apache.org/surefire/maven-surefire-plugin/xsd/surefire-test-report-3.0.xsd" version="3.0" name="edu.upc.gateway.eldercare.ApplicationTests" time="2.798" tests="1" errors="0" skipped="0" failures="0">
  <properties>
[...]
</properties>
  <testcase name="contextLoads" classname="edu.upc.gateway.eldercare.ApplicationTests" time="0.819">
    <system-out><![CDATA[00:25:11.751 [main] INFO org.springframework.test.context.support.AnnotationConfigContextLoaderUtils -- Could not detect default configuration classes for test class [edu.upc.gateway.eldercare.ApplicationTests]: ApplicationTests does not declare any static, non-private, non-final, nested classes annotated with @Configuration.
00:25:11.873 [main] INFO org.springframework.boot.test.context.SpringBootTestContextBootstrapper -- Found @SpringBootConfiguration edu.upc.gateway.eldercare.Application for test class edu.upc.gateway.eldercare.ApplicationTests

  .   ____          _            __ _ _
 /\\ / ___'_ __ _ _(_)_ __  __ _ \ \ \ \
( ( )\___ | '_ | '_| | '_ \/ _` | \ \ \ \
 \\/  ___)| |_)| | | | | || (_| |  ) ) ) )
  '  |____| .__|_| |_|_| |_\__, | / / / /
 =========|_|==============|___/=/_/_/_/

 :: Spring Boot ::       (v3.3.1-SNAPSHOT)

2024-06-27T00:25:12.284-05:00  INFO 5632 --- [gateway.eldercare] [           main] e.u.gateway.eldercare.ApplicationTests   : Starting ApplicationTests using Java 20.0.2.1 with PID 5632 (started by Aldhair in C:\Users\Aldhair\Desktop\RepoWebOneup\Edge-Gateway)
2024-06-27T00:25:12.286-05:00  INFO 5632 --- [gateway.eldercare] [           main] e.u.gateway.eldercare.ApplicationTests   : No active profile set, falling back to 1 default profile: "default"
2024-06-27T00:25:13.561-05:00  INFO 5632 --- [gateway.eldercare] [           main] e.u.gateway.eldercare.ApplicationTests   : Started ApplicationTests in 1.545 seconds (process running for 2.703)
]]></system-out>
  </testcase>
</testsuite>